<?xml version="1.0" encoding="UTF-8"?>
<testsuites name="Mocha Tests" time="8.468" tests="1" failures="0">
  <testsuite name="Root Suite" timestamp="2019-05-21T09:39:35" tests="0" failures="0" time="0">
  </testsuite>
  <testsuite name="test_name" timestamp="2019-05-21T09:39:36" tests="1" failures="0" time="8.468">
    <testcase name="test_name what_it_does" time="8.468" classname="what_it_does">
    </testcase>
  </testsuite>
</testsuites>